[debug] [2020-04-28T19:07:58.986Z] ----------------------------------------------------------------------
[debug] [2020-04-28T19:07:58.988Z] Command:       /usr/local/bin/node /usr/local/bin/firebase serve
[debug] [2020-04-28T19:07:58.988Z] CLI Version:   8.2.0
[debug] [2020-04-28T19:07:58.988Z] Platform:      darwin
[debug] [2020-04-28T19:07:58.988Z] Node Version:  v13.6.0
[debug] [2020-04-28T19:07:58.989Z] Time:          Tue Apr 28 2020 15:07:58 GMT-0400 (Eastern Daylight Time)
[debug] [2020-04-28T19:07:58.989Z] ----------------------------------------------------------------------
[debug] [2020-04-28T19:07:58.989Z] 
[debug] [2020-04-28T19:07:58.997Z] > command requires scopes: ["email","openid","https://www.googleapis.com/auth/cloudplatformprojects.readonly","https://www.googleapis.com/auth/firebase","https://www.googleapis.com/auth/cloud-platform"]
[debug] [2020-04-28T19:07:58.997Z] > authorizing via signed-in user
[debug] [2020-04-28T19:07:58.998Z] [iam] checking project rlwmpst for permissions ["firebase.projects.get"]
[debug] [2020-04-28T19:07:59.000Z] >>> HTTP REQUEST POST https://cloudresourcemanager.googleapis.com/v1/projects/rlwmpst:testIamPermissions  
 {"permissions":["firebase.projects.get"]}
[debug] [2020-04-28T19:07:59.229Z] <<< HTTP RESPONSE 200 {"content-type":"application/json; charset=UTF-8","vary":"X-Origin, Referer, Origin,Accept-Encoding","date":"Tue, 28 Apr 2020 19:07:59 GMT","server":"ESF","cache-control":"private","x-xss-protection":"0","x-frame-options":"SAMEORIGIN","x-content-type-options":"nosniff","server-timing":"gfet4t7; dur=158","alt-svc":"h3-Q050=\":443\"; ma=2592000,h3-Q049=\":443\"; ma=2592000,h3-Q048=\":443\"; ma=2592000,h3-Q046=\":443\"; ma=2592000,h3-Q043=\":443\"; ma=2592000,quic=\":443\"; ma=2592000; v=\"46,43\"","accept-ranges":"none","transfer-encoding":"chunked"}
[debug] [2020-04-28T19:07:59.230Z] >>> HTTP REQUEST GET https://firebase.googleapis.com/v1beta1/projects/rlwmpst  
 
[debug] [2020-04-28T19:07:59.459Z] <<< HTTP RESPONSE 200 {"content-type":"application/json; charset=UTF-8","vary":"X-Origin, Referer, Origin,Accept-Encoding","date":"Tue, 28 Apr 2020 19:07:59 GMT","server":"ESF","cache-control":"private","x-xss-protection":"0","x-frame-options":"SAMEORIGIN","x-content-type-options":"nosniff","alt-svc":"quic=\":443\"; ma=2592000; v=\"46,43\",h3-Q050=\":443\"; ma=2592000,h3-Q049=\":443\"; ma=2592000,h3-Q048=\":443\"; ma=2592000,h3-Q046=\":443\"; ma=2592000,h3-Q043=\":443\"; ma=2592000,h3-T050=\":443\"; ma=2592000","accept-ranges":"none","transfer-encoding":"chunked"}
[info] 
[info] === Serving from '/Users/wasita/Documents/GitHub/flask-rlwmpst'...
[info] 
[debug] [2020-04-28T19:07:59.461Z] >>> HTTP REQUEST GET https://firebase.googleapis.com/v1beta1/projects/rlwmpst/webApps/-/config  
 
[debug] [2020-04-28T19:07:59.931Z] <<< HTTP RESPONSE 200 {"content-type":"application/json; charset=UTF-8","vary":"X-Origin, Referer, Origin,Accept-Encoding","date":"Tue, 28 Apr 2020 19:07:59 GMT","server":"ESF","cache-control":"private","x-xss-protection":"0","x-frame-options":"SAMEORIGIN","x-content-type-options":"nosniff","alt-svc":"quic=\":443\"; ma=2592000; v=\"46,43\",h3-Q050=\":443\"; ma=2592000,h3-Q049=\":443\"; ma=2592000,h3-Q048=\":443\"; ma=2592000,h3-Q046=\":443\"; ma=2592000,h3-Q043=\":443\"; ma=2592000,h3-T050=\":443\"; ma=2592000","accept-ranges":"none","transfer-encoding":"chunked"}
[info] i  hosting: Serving hosting files from: static
[info] ✔  hosting: Local server: http://localhost:5000
[info] [hosting] Cloud Run rewrite {"source":"**","run":{"serviceId":"flask-rlwmpst","region":"us-central1"}} triggered
[info] [hosting] Looking up Cloud Run service "/v1alpha1/projects/rlwmpst/locations/us-central1/services/flask-rlwmpst" for its URL
[debug] [2020-04-28T19:08:13.638Z] >>> HTTP REQUEST GET https://run.googleapis.com/v1alpha1/projects/rlwmpst/locations/us-central1/services/flask-rlwmpst  
 
[debug] [2020-04-28T19:08:14.120Z] <<< HTTP RESPONSE 200 {"content-type":"application/json; charset=UTF-8","vary":"X-Origin, Referer, Origin,Accept-Encoding","date":"Tue, 28 Apr 2020 19:08:13 GMT","server":"ESF","cache-control":"private","x-xss-protection":"0","x-frame-options":"SAMEORIGIN","x-content-type-options":"nosniff","alt-svc":"quic=\":443\"; ma=2592000; v=\"46,43\",h3-Q050=\":443\"; ma=2592000,h3-Q049=\":443\"; ma=2592000,h3-Q048=\":443\"; ma=2592000,h3-Q046=\":443\"; ma=2592000,h3-Q043=\":443\"; ma=2592000,h3-T050=\":443\"; ma=2592000","accept-ranges":"none","transfer-encoding":"chunked"}
[info] [hosting] Rewriting / to https://flask-rlwmpst-h6jdcwfj5q-uc.a.run.app for Cloud Run service "flask-rlwmpst" for region "us-central1"
[info] [hosting] Cloud Run rewrite {"source":"**","run":{"serviceId":"flask-rlwmpst","region":"us-central1"}} triggered
[info] [hosting] Rewriting /lib/underscore-min.map to https://flask-rlwmpst-h6jdcwfj5q-uc.a.run.app for Cloud Run service "flask-rlwmpst" for region "us-central1"
[info] [hosting] Cloud Run rewrite {"source":"**","run":{"serviceId":"flask-rlwmpst","region":"us-central1"}} triggered
[info] [hosting] Rewriting / to https://flask-rlwmpst-h6jdcwfj5q-uc.a.run.app for Cloud Run service "flask-rlwmpst" for region "us-central1"
[info] [hosting] Cloud Run rewrite {"source":"**","run":{"serviceId":"flask-rlwmpst","region":"us-central1"}} triggered
[info] [hosting] Rewriting /lib/underscore-min.map to https://flask-rlwmpst-h6jdcwfj5q-uc.a.run.app for Cloud Run service "flask-rlwmpst" for region "us-central1"
